<?xml version="1.0" encoding="UTF-8"?>
<!-- Generated by org.testng.reporters.JUnitReportReporter -->
<testsuite hostname="focalpt-AcerPC" name="tests.GoogleSearchSniffTest" tests="6" failures="0" timestamp="1 Dec 2016 01:12:21 GMT" time="112.969" errors="0">
  <testcase name="test" time="20.417" classname="tests.GoogleSearchSniffTest"/>
  <testcase name="test" time="22.033" classname="tests.GoogleSearchSniffTest"/>
  <testcase name="test" time="15.230" classname="tests.GoogleSearchSniffTest"/>
  <testcase name="test" time="18.298" classname="tests.GoogleSearchSniffTest"/>
  <testcase name="test" time="19.376" classname="tests.GoogleSearchSniffTest"/>
  <testcase name="test" time="17.615" classname="tests.GoogleSearchSniffTest"/>
</testsuite> <!-- tests.GoogleSearchSniffTest -->
