<?xml version="1.0" encoding="UTF-8"?>
<!-- Generated by org.testng.reporters.JUnitReportReporter -->
<testsuite hostname="focalpt-AcerPC" name="sff_practice16.GoogleSearchTest" tests="3" failures="0" timestamp="22 Jan 2017 09:14:22 GMT" time="28.524" errors="0">
  <testcase name="test" time="9.844" classname="sff_practice16.GoogleSearchTest"/>
  <testcase name="test" time="8.128" classname="sff_practice16.GoogleSearchTest"/>
  <testcase name="test" time="10.552" classname="sff_practice16.GoogleSearchTest"/>
</testsuite> <!-- sff_practice16.GoogleSearchTest -->
