<?xml version="1.0" encoding="UTF-8"?>
<!-- Generated by org.testng.reporters.JUnitReportReporter -->
<testsuite hostname="focalpt-AcerPC" name="sff_practice_20.GoogleSearchTest" tests="3" failures="0" timestamp="10 Feb 2017 23:35:24 GMT" time="96.732" errors="0">
  <testcase name="googleSmokeTest" time="30.469" classname="sff_practice_20.GoogleSearchTest"/>
  <testcase name="googleSmokeTest" time="30.615" classname="sff_practice_20.GoogleSearchTest"/>
  <testcase name="googleSmokeTest" time="35.648" classname="sff_practice_20.GoogleSearchTest"/>
</testsuite> <!-- sff_practice_20.GoogleSearchTest -->
