<?xml version="1.0" encoding="UTF-8"?>
<!-- Generated by org.testng.reporters.JUnitReportReporter -->
<testsuite hostname="focalpt-AcerPC" name="sff_practice8.GoogleSearchTest" tests="5" failures="0" timestamp="25 Dec 2016 05:23:32 GMT" time="113.147" errors="0">
  <testcase name="test" time="21.394" classname="sff_practice8.GoogleSearchTest"/>
  <testcase name="test" time="24.726" classname="sff_practice8.GoogleSearchTest"/>
  <testcase name="test" time="22.943" classname="sff_practice8.GoogleSearchTest"/>
  <testcase name="test" time="20.250" classname="sff_practice8.GoogleSearchTest"/>
  <testcase name="test" time="23.834" classname="sff_practice8.GoogleSearchTest"/>
</testsuite> <!-- sff_practice8.GoogleSearchTest -->
