<?xml version="1.0" encoding="UTF-8"?>
<!-- Generated by org.testng.reporters.JUnitReportReporter -->
<testsuite hostname="focalpt-AcerPC" name="sff_practice12.GoogleSearchTest" tests="4" failures="0" timestamp="5 Jan 2017 03:04:23 GMT" time="69.860" errors="0">
  <testcase name="test" time="19.308" classname="sff_practice12.GoogleSearchTest"/>
  <testcase name="test" time="17.358" classname="sff_practice12.GoogleSearchTest"/>
  <testcase name="test" time="16.168" classname="sff_practice12.GoogleSearchTest"/>
  <testcase name="test" time="17.026" classname="sff_practice12.GoogleSearchTest"/>
</testsuite> <!-- sff_practice12.GoogleSearchTest -->
