<?xml version="1.0" encoding="UTF-8"?>
<!-- Generated by org.testng.reporters.JUnitReportReporter -->
<testsuite hostname="focalpt-AcerPC" name="sff_practice6.GoogleSearchTest" tests="6" failures="0" timestamp="22 Dec 2016 09:11:04 GMT" time="149.255" errors="0">
  <testcase name="test" time="23.583" classname="sff_practice6.GoogleSearchTest"/>
  <testcase name="test" time="28.002" classname="sff_practice6.GoogleSearchTest"/>
  <testcase name="test" time="22.583" classname="sff_practice6.GoogleSearchTest"/>
  <testcase name="test" time="22.877" classname="sff_practice6.GoogleSearchTest"/>
  <testcase name="test" time="25.495" classname="sff_practice6.GoogleSearchTest"/>
  <testcase name="test" time="26.715" classname="sff_practice6.GoogleSearchTest"/>
</testsuite> <!-- sff_practice6.GoogleSearchTest -->
