<?xml version="1.0" encoding="UTF-8"?>
<!-- Generated by org.testng.reporters.JUnitReportReporter -->
<testsuite hostname="focalpt-AcerPC" name="singlefileframework.GoogleTest" tests="10" failures="0" timestamp="11 Dec 2016 11:00:55 GMT" time="332.240" errors="0">
  <testcase name="test1" time="35.770" classname="singlefileframework.GoogleTest"/>
  <testcase name="test1" time="33.889" classname="singlefileframework.GoogleTest"/>
  <testcase name="test1" time="34.301" classname="singlefileframework.GoogleTest"/>
  <testcase name="test1" time="30.850" classname="singlefileframework.GoogleTest"/>
  <testcase name="test1" time="32.496" classname="singlefileframework.GoogleTest"/>
  <testcase name="test1" time="35.155" classname="singlefileframework.GoogleTest"/>
  <testcase name="test1" time="34.522" classname="singlefileframework.GoogleTest"/>
  <testcase name="test1" time="33.728" classname="singlefileframework.GoogleTest"/>
  <testcase name="test1" time="32.801" classname="singlefileframework.GoogleTest"/>
  <testcase name="test1" time="28.728" classname="singlefileframework.GoogleTest"/>
</testsuite> <!-- singlefileframework.GoogleTest -->
