<?xml version="1.0" encoding="UTF-8"?>
<!-- Generated by org.testng.reporters.JUnitReportReporter -->
<testsuite hostname="focalpt-AcerPC" name="sff_practice2.GoogleSearchTest" tests="6" failures="0" timestamp="18 Dec 2016 22:59:04 GMT" time="143.620" errors="0">
  <testcase name="test" time="23.141" classname="sff_practice2.GoogleSearchTest"/>
  <testcase name="test" time="24.099" classname="sff_practice2.GoogleSearchTest"/>
  <testcase name="test" time="21.969" classname="sff_practice2.GoogleSearchTest"/>
  <testcase name="test" time="23.837" classname="sff_practice2.GoogleSearchTest"/>
  <testcase name="test" time="28.601" classname="sff_practice2.GoogleSearchTest"/>
  <testcase name="test" time="21.973" classname="sff_practice2.GoogleSearchTest"/>
</testsuite> <!-- sff_practice2.GoogleSearchTest -->
