<?xml version="1.0" encoding="UTF-8"?>
<!-- Generated by org.testng.reporters.JUnitReportReporter -->
<testsuite hostname="focalpt-AcerPC" name="sff_practice7.GoogleSearchTest" tests="10" failures="0" timestamp="23 Dec 2016 09:41:30 GMT" time="415.137" errors="0">
  <testcase name="test" time="47.543" classname="sff_practice7.GoogleSearchTest"/>
  <testcase name="test" time="34.038" classname="sff_practice7.GoogleSearchTest"/>
  <testcase name="test" time="32.874" classname="sff_practice7.GoogleSearchTest"/>
  <testcase name="test" time="44.095" classname="sff_practice7.GoogleSearchTest"/>
  <testcase name="test" time="54.495" classname="sff_practice7.GoogleSearchTest"/>
  <testcase name="test" time="38.591" classname="sff_practice7.GoogleSearchTest"/>
  <testcase name="test" time="41.451" classname="sff_practice7.GoogleSearchTest"/>
  <testcase name="test" time="43.664" classname="sff_practice7.GoogleSearchTest"/>
  <testcase name="test" time="36.778" classname="sff_practice7.GoogleSearchTest"/>
  <testcase name="test" time="41.608" classname="sff_practice7.GoogleSearchTest"/>
</testsuite> <!-- sff_practice7.GoogleSearchTest -->
