<?xml version="1.0" encoding="UTF-8"?>
<!-- Generated by org.testng.reporters.JUnitReportReporter -->
<testsuite hostname="focalpt-AcerPC" name="sff_practice1.GoogleSearchTest" tests="8" failures="0" timestamp="14 Dec 2016 09:18:46 GMT" time="532.510" errors="0">
  <testcase name="test" time="66.842" classname="sff_practice1.GoogleSearchTest"/>
  <testcase name="test" time="68.100" classname="sff_practice1.GoogleSearchTest"/>
  <testcase name="test" time="66.364" classname="sff_practice1.GoogleSearchTest"/>
  <testcase name="test" time="66.680" classname="sff_practice1.GoogleSearchTest"/>
  <testcase name="test" time="66.574" classname="sff_practice1.GoogleSearchTest"/>
  <testcase name="test" time="66.717" classname="sff_practice1.GoogleSearchTest"/>
  <testcase name="test" time="64.757" classname="sff_practice1.GoogleSearchTest"/>
  <testcase name="test" time="66.476" classname="sff_practice1.GoogleSearchTest"/>
</testsuite> <!-- sff_practice1.GoogleSearchTest -->
