<?xml version="1.0" encoding="UTF-8"?>
<!-- Generated by org.testng.reporters.JUnitReportReporter -->
<testsuite hostname="focalpt-AcerPC" name="sff_practice10_final_RTM.GoogleSearchTest" tests="2" failures="0" timestamp="28 Dec 2016 08:19:39 GMT" time="37.720" errors="0">
  <testcase name="test" time="16.856" classname="sff_practice10_final_RTM.GoogleSearchTest"/>
  <testcase name="test" time="20.864" classname="sff_practice10_final_RTM.GoogleSearchTest"/>
</testsuite> <!-- sff_practice10_final_RTM.GoogleSearchTest -->
