<?xml version="1.0" encoding="UTF-8"?>
<!-- Generated by org.testng.reporters.JUnitReportReporter -->
<testsuite hostname="focalpt-AcerPC" name="sff_practice_17.GoogleSearchTest" tests="4" failures="0" timestamp="25 Jan 2017 04:43:20 GMT" time="83.550" errors="0">
  <testcase name="test" time="17.788" classname="sff_practice_17.GoogleSearchTest"/>
  <testcase name="test" time="21.664" classname="sff_practice_17.GoogleSearchTest"/>
  <testcase name="test" time="21.588" classname="sff_practice_17.GoogleSearchTest"/>
  <testcase name="test" time="22.510" classname="sff_practice_17.GoogleSearchTest"/>
</testsuite> <!-- sff_practice_17.GoogleSearchTest -->
