<?xml version="1.0" encoding="UTF-8"?>
<!-- Generated by org.testng.reporters.JUnitReportReporter -->
<testsuite hostname="focalpt-AcerPC" name="sff_practice_24.GoogleSmokeTest" tests="4" failures="0" timestamp="1 Mar 2017 09:06:35 GMT" time="74.443" errors="0">
  <testcase name="test" time="20.817" classname="sff_practice_24.GoogleSmokeTest"/>
  <testcase name="test" time="18.253" classname="sff_practice_24.GoogleSmokeTest"/>
  <testcase name="test" time="17.493" classname="sff_practice_24.GoogleSmokeTest"/>
  <testcase name="test" time="17.880" classname="sff_practice_24.GoogleSmokeTest"/>
</testsuite> <!-- sff_practice_24.GoogleSmokeTest -->
