<?xml version="1.0" encoding="UTF-8"?>
<!-- Generated by org.testng.reporters.JUnitReportReporter -->
<testsuite hostname="focalpt-AcerPC" name="sff_25.GoogleSearchSmokeTest2" tests="3" failures="0" timestamp="14 Mar 2017 06:07:31 GMT" time="0.015" errors="0">
  <testcase name="test01" time="0.000" classname="sff_25.GoogleSearchSmokeTest2"/>
  <testcase name="test01" time="0.000" classname="sff_25.GoogleSearchSmokeTest2"/>
  <testcase name="test01" time="0.015" classname="sff_25.GoogleSearchSmokeTest2"/>
</testsuite> <!-- sff_25.GoogleSearchSmokeTest2 -->
