<?xml version="1.0" encoding="UTF-8"?>
<!-- Generated by org.testng.reporters.JUnitReportReporter -->
<testsuite hostname="focalpt-AcerPC" name="sff_practice5.GoogleSearchTest" tests="3" failures="0" timestamp="21 Dec 2016 09:00:36 GMT" time="40.969" errors="0">
  <testcase name="test" time="12.605" classname="sff_practice5.GoogleSearchTest"/>
  <testcase name="test" time="14.204" classname="sff_practice5.GoogleSearchTest"/>
  <testcase name="test" time="14.160" classname="sff_practice5.GoogleSearchTest"/>
</testsuite> <!-- sff_practice5.GoogleSearchTest -->
