<?xml version="1.0" encoding="UTF-8"?>
<!-- Generated by org.testng.reporters.JUnitReportReporter -->
<testsuite hostname="focalpt-AcerPC" name="sff_practice9.GoogleSearchTest" tests="5" failures="0" timestamp="26 Dec 2016 09:28:05 GMT" time="184.341" errors="0">
  <testcase name="test" time="29.765" classname="sff_practice9.GoogleSearchTest"/>
  <testcase name="test" time="42.040" classname="sff_practice9.GoogleSearchTest"/>
  <testcase name="test" time="39.467" classname="sff_practice9.GoogleSearchTest"/>
  <testcase name="test" time="32.982" classname="sff_practice9.GoogleSearchTest"/>
  <testcase name="test" time="40.087" classname="sff_practice9.GoogleSearchTest"/>
</testsuite> <!-- sff_practice9.GoogleSearchTest -->
