<?xml version="1.0" encoding="UTF-8"?>
<!-- Generated by org.testng.reporters.JUnitReportReporter -->
<testsuite hostname="focalpt-AcerPC" name="sff_25.GoogleSearchSmokeTest1" tests="3" failures="0" timestamp="9 Mar 2017 10:13:18 GMT" time="11.546" errors="0">
  <testcase name="test01" time="3.359" classname="sff_25.GoogleSearchSmokeTest1"/>
  <testcase name="test01" time="4.545" classname="sff_25.GoogleSearchSmokeTest1"/>
  <testcase name="test01" time="3.642" classname="sff_25.GoogleSearchSmokeTest1"/>
</testsuite> <!-- sff_25.GoogleSearchSmokeTest1 -->
