<?xml version="1.0" encoding="UTF-8"?>
<!-- Generated by org.testng.reporters.JUnitReportReporter -->
<testsuite hostname="focalpt-AcerPC" name="sff_practice11.GoogleSmokeTest" tests="4" failures="0" timestamp="2 Jan 2017 05:22:49 GMT" time="71.064" errors="0">
  <testcase name="test" time="18.668" classname="sff_practice11.GoogleSmokeTest"/>
  <testcase name="test" time="18.094" classname="sff_practice11.GoogleSmokeTest"/>
  <testcase name="test" time="16.249" classname="sff_practice11.GoogleSmokeTest"/>
  <testcase name="test" time="18.053" classname="sff_practice11.GoogleSmokeTest"/>
</testsuite> <!-- sff_practice11.GoogleSmokeTest -->
