<?xml version="1.0" encoding="UTF-8"?>
<!-- Generated by org.testng.reporters.JUnitReportReporter -->
<testsuite hostname="focalpt-AcerPC" name="sff_practice_19.GoogleSearchSmokeTest" tests="3" failures="0" timestamp="4 Feb 2017 05:17:39 GMT" time="24.701" errors="0">
  <testcase name="test" time="8.173" classname="sff_practice_19.GoogleSearchSmokeTest"/>
  <testcase name="test" time="7.508" classname="sff_practice_19.GoogleSearchSmokeTest"/>
  <testcase name="test" time="9.020" classname="sff_practice_19.GoogleSearchSmokeTest"/>
</testsuite> <!-- sff_practice_19.GoogleSearchSmokeTest -->
