<?xml version="1.0" encoding="UTF-8"?>
<!-- Generated by org.testng.reporters.JUnitReportReporter -->
<testsuite hostname="focalpt-AcerPC" name="sff_practice_21.GoogleSmokeTest" tests="3" failures="0" timestamp="19 Feb 2017 10:27:59 GMT" time="33.063" errors="0">
  <testcase name="test01" time="8.594" classname="sff_practice_21.GoogleSmokeTest"/>
  <testcase name="test01" time="10.382" classname="sff_practice_21.GoogleSmokeTest"/>
  <testcase name="test01" time="14.087" classname="sff_practice_21.GoogleSmokeTest"/>
</testsuite> <!-- sff_practice_21.GoogleSmokeTest -->
