<?xml version="1.0" encoding="UTF-8"?>
<!-- Generated by org.testng.reporters.JUnitReportReporter -->
<testsuite hostname="focalpt-AcerPC" name="sff_practice11.GoogleSmokeTest" tests="4" failures="0" timestamp="5 Jan 2017 02:49:17 GMT" time="70.131" errors="0">
  <testcase name="test" time="15.792" classname="sff_practice11.GoogleSmokeTest"/>
  <testcase name="test" time="18.275" classname="sff_practice11.GoogleSmokeTest"/>
  <testcase name="test" time="18.470" classname="sff_practice11.GoogleSmokeTest"/>
  <testcase name="test" time="17.594" classname="sff_practice11.GoogleSmokeTest"/>
</testsuite> <!-- sff_practice11.GoogleSmokeTest -->
