<?xml version="1.0" encoding="UTF-8"?>
<!-- Generated by org.testng.reporters.JUnitReportReporter -->
<testsuite hostname="focalpt-AcerPC" name="sff_practice_24.GoogleSmokeTest" tests="4" failures="0" timestamp="14 Mar 2017 06:19:19 GMT" time="95.031" errors="0">
  <testcase name="test" time="22.653" classname="sff_practice_24.GoogleSmokeTest"/>
  <testcase name="test" time="24.560" classname="sff_practice_24.GoogleSmokeTest"/>
  <testcase name="test" time="25.601" classname="sff_practice_24.GoogleSmokeTest"/>
  <testcase name="test" time="22.217" classname="sff_practice_24.GoogleSmokeTest"/>
</testsuite> <!-- sff_practice_24.GoogleSmokeTest -->
