<?xml version="1.0" encoding="UTF-8"?>
<!-- Generated by org.testng.reporters.JUnitReportReporter -->
<testsuite hostname="focalpt-AcerPC" name="sff_pratice_18.GoogleSearchTest" tests="3" failures="0" timestamp="2 Feb 2017 11:47:32 GMT" time="38.255" errors="0">
  <testcase name="test" time="11.563" classname="sff_pratice_18.GoogleSearchTest"/>
  <testcase name="test" time="11.094" classname="sff_pratice_18.GoogleSearchTest"/>
  <testcase name="test" time="15.598" classname="sff_pratice_18.GoogleSearchTest"/>
</testsuite> <!-- sff_pratice_18.GoogleSearchTest -->
