<?xml version="1.0" encoding="UTF-8"?>
<!-- Generated by org.testng.reporters.JUnitReportReporter -->
<testsuite hostname="focalpt-AcerPC" name="sff_practice3.GoogleSearchTest" tests="3" failures="0" timestamp="18 Dec 2016 23:51:45 GMT" time="39.569" errors="0">
  <testcase name="test" time="13.272" classname="sff_practice3.GoogleSearchTest"/>
  <testcase name="test" time="13.049" classname="sff_practice3.GoogleSearchTest"/>
  <testcase name="test" time="13.248" classname="sff_practice3.GoogleSearchTest"/>
</testsuite> <!-- sff_practice3.GoogleSearchTest -->
