<?xml version="1.0" encoding="UTF-8"?>
<!-- Generated by org.testng.reporters.JUnitReportReporter -->
<testsuite hostname="focalpt-AcerPC" name="sff_practice15.GoogleSearchTest" tests="3" failures="0" timestamp="18 Jan 2017 19:50:14 GMT" time="43.087" errors="0">
  <testcase name="test" time="13.531" classname="sff_practice15.GoogleSearchTest"/>
  <testcase name="test" time="14.982" classname="sff_practice15.GoogleSearchTest"/>
  <testcase name="test" time="14.574" classname="sff_practice15.GoogleSearchTest"/>
</testsuite> <!-- sff_practice15.GoogleSearchTest -->
