<?xml version="1.0" encoding="UTF-8"?>
<!-- Generated by org.testng.reporters.JUnitReportReporter -->
<testsuite hostname="focalpt-AcerPC" name="sff_25.GoogleSearchSmokeTest1" tests="3" failures="0" timestamp="17 Mar 2017 07:41:05 GMT" time="31.324" errors="0">
  <testcase name="test01" time="12.445" classname="sff_25.GoogleSearchSmokeTest1"/>
  <testcase name="test01" time="9.648" classname="sff_25.GoogleSearchSmokeTest1"/>
  <testcase name="test01" time="9.231" classname="sff_25.GoogleSearchSmokeTest1"/>
</testsuite> <!-- sff_25.GoogleSearchSmokeTest1 -->
