<?xml version="1.0" encoding="UTF-8"?>
<!-- Generated by org.testng.reporters.JUnitReportReporter -->
<testsuite hostname="focalpt-AcerPC" name="sff_practice_22.GoogleSmokeTest" tests="3" failures="0" timestamp="21 Feb 2017 12:08:04 GMT" time="56.028" errors="0">
  <testcase name="googleTest" time="17.714" classname="sff_practice_22.GoogleSmokeTest"/>
  <testcase name="googleTest" time="20.470" classname="sff_practice_22.GoogleSmokeTest"/>
  <testcase name="googleTest" time="17.844" classname="sff_practice_22.GoogleSmokeTest"/>
</testsuite> <!-- sff_practice_22.GoogleSmokeTest -->
