<?xml version="1.0" encoding="UTF-8"?>
<!-- Generated by org.testng.reporters.JUnitReportReporter -->
<testsuite hostname="focalpt-AcerPC" name="sff_practice14.GoogleSearchTest" tests="3" failures="0" timestamp="13 Jan 2017 09:21:40 GMT" time="34.078" errors="0">
  <testcase name="test" time="11.261" classname="sff_practice14.GoogleSearchTest"/>
  <testcase name="test" time="14.839" classname="sff_practice14.GoogleSearchTest"/>
  <testcase name="test" time="7.978" classname="sff_practice14.GoogleSearchTest"/>
</testsuite> <!-- sff_practice14.GoogleSearchTest -->
