<?xml version="1.0" encoding="UTF-8"?>
<!-- Generated by org.testng.reporters.JUnitReportReporter -->
<testsuite hostname="focalpt-AcerPC" name="log4jpractice.Log4jPractice" tests="1" failures="0" timestamp="6 Nov 2016 09:58:07 GMT" time="0.178" errors="0">
  <testcase name="testLogs" time="0.178" classname="log4jpractice.Log4jPractice"/>
</testsuite> <!-- log4jpractice.Log4jPractice -->
