<?xml version="1.0" encoding="UTF-8"?>
<!-- Generated by org.testng.reporters.JUnitReportReporter -->
<testsuite hostname="focalpt-AcerPC" name="sff_practice13.GoogleSearchTest" tests="3" failures="0" timestamp="8 Jan 2017 00:43:27 GMT" time="43.494" errors="0">
  <testcase name="test" time="12.884" classname="sff_practice13.GoogleSearchTest"/>
  <testcase name="test" time="16.763" classname="sff_practice13.GoogleSearchTest"/>
  <testcase name="test" time="13.847" classname="sff_practice13.GoogleSearchTest"/>
</testsuite> <!-- sff_practice13.GoogleSearchTest -->
