<?xml version="1.0" encoding="UTF-8"?>
<!-- Generated by org.testng.reporters.JUnitReportReporter -->
<testsuite hostname="focalpt-AcerPC" name="sff_practice10_final_RTM.GoogleSearchTest" tests="6" failures="0" timestamp="1 Jan 2017 07:52:32 GMT" time="186.899" errors="0">
  <testcase name="test" time="34.241" classname="sff_practice10_final_RTM.GoogleSearchTest"/>
  <testcase name="test" time="36.193" classname="sff_practice10_final_RTM.GoogleSearchTest"/>
  <testcase name="test" time="33.741" classname="sff_practice10_final_RTM.GoogleSearchTest"/>
  <testcase name="test" time="32.753" classname="sff_practice10_final_RTM.GoogleSearchTest"/>
  <testcase name="test" time="18.618" classname="sff_practice10_final_RTM.GoogleSearchTest"/>
  <testcase name="test" time="31.353" classname="sff_practice10_final_RTM.GoogleSearchTest"/>
</testsuite> <!-- sff_practice10_final_RTM.GoogleSearchTest -->
