<?xml version="1.0" encoding="UTF-8"?>
<!-- Generated by org.testng.reporters.JUnitReportReporter -->
<testsuite hostname="focalpt-AcerPC" name="sff_practice4.GoogleSearchTest" tests="5" failures="0" timestamp="20 Dec 2016 08:49:16 GMT" time="99.080" errors="0">
  <testcase name="test" time="21.453" classname="sff_practice4.GoogleSearchTest"/>
  <testcase name="test" time="19.358" classname="sff_practice4.GoogleSearchTest"/>
  <testcase name="test" time="20.635" classname="sff_practice4.GoogleSearchTest"/>
  <testcase name="test" time="21.874" classname="sff_practice4.GoogleSearchTest"/>
  <testcase name="test" time="15.760" classname="sff_practice4.GoogleSearchTest"/>
</testsuite> <!-- sff_practice4.GoogleSearchTest -->
