<?xml version="1.0" encoding="UTF-8"?>
<!-- Generated by org.testng.reporters.JUnitReportReporter -->
<testsuite hostname="focalpt-AcerPC" name="singlefileframework.GoogleSearchTest" tests="15" failures="0" timestamp="8 Dec 2016 11:16:59 GMT" time="429.906" errors="0">
  <testcase name="test1" time="15.934" classname="singlefileframework.GoogleSearchTest"/>
  <testcase name="test1" time="13.946" classname="singlefileframework.GoogleSearchTest"/>
  <testcase name="test1" time="28.205" classname="singlefileframework.GoogleSearchTest"/>
  <testcase name="test1" time="39.550" classname="singlefileframework.GoogleSearchTest"/>
  <testcase name="test1" time="32.838" classname="singlefileframework.GoogleSearchTest"/>
  <testcase name="test1" time="21.078" classname="singlefileframework.GoogleSearchTest"/>
  <testcase name="test1" time="33.406" classname="singlefileframework.GoogleSearchTest"/>
  <testcase name="test1" time="25.151" classname="singlefileframework.GoogleSearchTest"/>
  <testcase name="test1" time="34.393" classname="singlefileframework.GoogleSearchTest"/>
  <testcase name="test1" time="34.812" classname="singlefileframework.GoogleSearchTest"/>
  <testcase name="test1" time="28.899" classname="singlefileframework.GoogleSearchTest"/>
  <testcase name="test1" time="35.817" classname="singlefileframework.GoogleSearchTest"/>
  <testcase name="test1" time="33.563" classname="singlefileframework.GoogleSearchTest"/>
  <testcase name="test1" time="20.606" classname="singlefileframework.GoogleSearchTest"/>
  <testcase name="test1" time="31.708" classname="singlefileframework.GoogleSearchTest"/>
</testsuite> <!-- singlefileframework.GoogleSearchTest -->
