<?xml version="1.0" encoding="UTF-8"?>
<!-- Generated by org.testng.reporters.JUnitReportReporter -->
<testsuite hostname="focalpt-AcerPC" name="com.amazon.Testcases.VerifyValidLogin" tests="1" failures="0" timestamp="26 Sep 2016 02:55:03 GMT" time="30.850" errors="0">
  <testcase name="verifyValidLogin" time="30.850" classname="com.amazon.Testcases.VerifyValidLogin"/>
</testsuite> <!-- com.amazon.Testcases.VerifyValidLogin -->
