<?xml version="1.0" encoding="UTF-8"?>
<!-- Generated by org.testng.reporters.JUnitReportReporter -->
<testsuite hostname="focalpt-AcerPC" name="com.amazon.Testcases.VerifyLoginAmazon" tests="1" failures="0" timestamp="29 Nov 2016 10:20:56 GMT" time="65.533" errors="0">
  <testcase name="test" time="65.533" classname="com.amazon.Testcases.VerifyLoginAmazon"/>
</testsuite> <!-- com.amazon.Testcases.VerifyLoginAmazon -->
